<?xml version="1.0" encoding="UTF-8"?>
<!--
  ~ Copyright (C) 2016 by Vashistha kumar
  ~
  ~    Permission is hereby granted, free of charge, to any person obtaining a copy
  ~    of this software and associated documentation files (the "Software"), to deal
  ~    in the Software without restriction, including without limitation the rights
  ~    to use, copy, modify, merge, publish, distribute, sublicense, and/or sell
  ~    copies of the Software, and to permit persons to whom the Software is
  ~    furnished to do so, subject to the following conditions:
  ~
  ~    The above copyright notice and this permission notice shall be included in
  ~    all copies or substantial portions of the Software.
  ~
  ~    THE SOFTWARE IS PROVIDED "AS IS", WITHOUT WARRANTY OF ANY KIND, EXPRESS OR
  ~    IMPLIED, INCLUDING BUT NOT LIMITED TO THE WARRANTIES OF MERCHANTABILITY,
  ~    FITNESS FOR A PARTICULAR PURPOSE AND NONINFRINGEMENT. IN NO EVENT SHALL THE
  ~    AUTHORS OR COPYRIGHT HOLDERS BE LIABLE FOR ANY CLAIM, DAMAGES OR OTHER
  ~    LIABILITY, WHETHER IN AN ACTION OF CONTRACT, TORT OR OTHERWISE, ARISING FROM,
  ~    OUT OF OR IN CONNECTION WITH THE SOFTWARE OR THE USE OR OTHER DEALINGS IN
  ~    THE SOFTWARE.
  -->

<beans xmlns="http://www.springframework.org/schema/beans"
  xmlns:batch="http://www.springframework.org/schema/batch" xmlns:xsi="http://www.w3.org/2001/XMLSchema-instance"
  xsi:schemaLocation="http://www.springframework.org/schema/batch
    http://www.springframework.org/schema/batch/spring-batch.xsd
    http://www.springframework.org/schema/beans 
    http://www.springframework.org/schema/beans/spring-beans.xsd">

  <import resource="classpath:/spring-context.xml" />
  <import resource="classpath:/database.xml" />

  <!-- Spring should auto load this bean - this is required for JUnit test run-->
  <bean class="org.springframework.batch.test.JobLauncherTestUtils"/>

  <bean id="report" class="com.vk.example.model.Report" scope="prototype" />
  <bean id="itemProcessor" class="com.vk.example.CustomItemProcessor" />

  <batch:job id="helloWorldJob">
    <batch:step id="step1">
      <batch:tasklet>
        <batch:chunk reader="cvsFileItemReader" writer="xmlItemWriter"
          processor="itemProcessor" commit-interval="10">
        </batch:chunk>
      </batch:tasklet>
    </batch:step>
  </batch:job>
  
  <bean id="cvsFileItemReader" class="org.springframework.batch.item.file.FlatFileItemReader">
    <property name="resource" value="classpath:test/input/report.csv" />
    <property name="lineMapper">
      <bean class="org.springframework.batch.item.file.mapping.DefaultLineMapper">
        <property name="lineTokenizer">
          <bean class="org.springframework.batch.item.file.transform.DelimitedLineTokenizer">
            <property name="names" value="id,sales,qty,staffName,date" />
          </bean>
        </property>
        <property name="fieldSetMapper">
          <bean class="com.vk.example.ReportFieldSetMapper" />
        </property>
      </bean>
    </property>
  </bean>

  <bean id="xmlItemWriter" class="org.springframework.batch.item.xml.StaxEventItemWriter">
    <property name="resource" value="classpath:test/output/report.xml" />
    <property name="marshaller" ref="reportMarshaller" />
    <property name="rootTagName" value="report" />
  </bean>

  <bean id="reportMarshaller" class="org.springframework.oxm.jaxb.Jaxb2Marshaller">
    <property name="classesToBeBound">
      <list>
        <value>com.vk.example.model.Report</value>
      </list>
    </property>
  </bean>

</beans>
